<?xml version="1.0" encoding="UTF-8"?>
<!-- Generated by org.testng.reporters.JUnitXMLReporter -->
<testsuite ignored="3" hostname="DESKTOP-9BB5NPN" failures="0" tests="3" name="Test" time="0.113" errors="0" timestamp="2023-01-18T10:52:26 IST">
  <testcase classname="practice_maven.Simple2Test" name="simple4" time="0.016"/>
  <testcase classname="practice_maven.Simple1Test" name="simple1" time="0.014"/>
  <testcase classname="practice_maven.Simple3Test" name="simple5" time="0.002"/>
  <testcase classname="practice_maven.Simple2Test" name="simple3" time="0.0">
    <ignored/>
  </testcase> <!-- simple3 -->
  <testcase classname="practice_maven.Simple3Test" name="simple6" time="0.0">
    <ignored/>
  </testcase> <!-- simple6 -->
  <testcase classname="practice_maven.Simple1Test" name="simple2" time="0.0">
    <ignored/>
  </testcase> <!-- simple2 -->
</testsuite> <!-- Test -->
