<?xml version="1.0" encoding="UTF-8"?>
<!-- Generated by org.testng.reporters.JUnitXMLReporter -->
<testsuite ignored="0" hostname="DESKTOP-9BB5NPN" failures="0" tests="13" name="Test" time="0.2" errors="0" timestamp="2023-01-23T17:25:24 IST">
  <testcase classname="practice_package.CreateAccount" name="create" time="0.023"/>
  <testcase classname="practice_maven.CreateTest" name="create" time="0.002"/>
  <testcase classname="practice_maven.CreateTest" name="edit" time="0.003"/>
  <testcase classname="practice_package1.SimpleTest1" name="printM" time="0.002"/>
  <testcase classname="practice_maven.Simple1Test" name="simple1" time="0.001"/>
  <testcase classname="practice_maven.Simple1Test" name="simple2" time="0.002"/>
  <testcase classname="practice_package1.SimpleTest2" name="printMsg" time="0.002"/>
  <testcase classname="practice_maven.Simple2Test" name="simple3" time="0.005"/>
  <testcase classname="practice_maven.Simple2Test" name="simple4" time="0.002"/>
  <testcase classname="practice_package1.SimpleTest3" name="msg" time="0.001"/>
  <testcase classname="practice_maven.Simple3Test" name="simple5" time="0.002"/>
  <testcase classname="practice_maven.Simple3Test" name="simple6" time="0.01"/>
  <testcase classname="practice_maven.Simple5Test" name="simple5" time="0.004"/>
</testsuite> <!-- Test -->
